# JRE version: OpenJDK Runtime Environment (17.0+35) (build 17+35-2724)
# Java VM: OpenJDK 64-Bit Server VM (17+35-2724, mixed mode, emulated-client, sharing, tiered, compressed oops, compressed class ptrs, g1 gc, windows-amd64)
GC Precious Log:
 CPUs: 4 total, 4 available
 Memory: 7881M
 Large Page Support: Disabled
 NUMA Support: Disabled
 Compressed Oops: Enabled (32-bit)
 Heap Region Size: 1M
 Heap Min Capacity: 8M
 Heap Initial Capacity: 124M
 Heap Max Capacity: 1972M
 Pre-touch: Disabled
 Parallel Workers: 4
 Concurrent Workers: 1
 Concurrent Refinement Workers: 4
 Periodic GC: Disabled
Heap:
 garbage-first heap   total 96256K, used 47094K [0x0000000084c00000, 0x0000000100000000)
  region size 1024K, 5 young (5120K), 5 survivors (5120K)
 Metaspace       used 53672K, committed 54144K, reserved 1097728K
  class space    used 7598K, committed 7808K, reserved 1048576K
GC Heap History (20 events):
Event: 12.163 GC heap after
{Heap after GC invocations=24 (full 0):
 garbage-first heap   total 79872K, used 32372K [0x0000000084c00000, 0x0000000100000000)
  region size 1024K, 3 young (3072K), 3 survivors (3072K)
 Metaspace       used 40449K, committed 40896K, reserved 1089536K
  class space    used 5635K, committed 5824K, reserved 1048576K
}
Event: 12.631 GC heap before
{Heap before GC invocations=24 (full 0):
 garbage-first heap   total 79872K, used 65140K [0x0000000084c00000, 0x0000000100000000)
  region size 1024K, 35 young (35840K), 3 survivors (3072K)
 Metaspace       used 40960K, committed 41344K, reserved 1089536K
  class space    used 5723K, committed 5888K, reserved 1048576K
}
Event: 12.636 GC heap after
{Heap after GC invocations=25 (full 0):
 garbage-first heap   total 79872K, used 33502K [0x0000000084c00000, 0x0000000100000000)
  region size 1024K, 4 young (4096K), 4 survivors (4096K)
 Metaspace       used 40960K, committed 41344K, reserved 1089536K
  class space    used 5723K, committed 5888K, reserved 1048576K
}
Event: 13.164 GC heap before
{Heap before GC invocations=25 (full 0):
 garbage-first heap   total 79872K, used 66270K [0x0000000084c00000, 0x0000000100000000)
  region size 1024K, 36 young (36864K), 4 survivors (4096K)
 Metaspace       used 43906K, committed 44352K, reserved 1089536K
  class space    used 6117K, committed 6336K, reserved 1048576K
}
Event: 13.171 GC heap after
{Heap after GC invocations=26 (full 0):
 garbage-first heap   total 79872K, used 35691K [0x0000000084c00000, 0x0000000100000000)
  region size 1024K, 5 young (5120K), 5 survivors (5120K)
 Metaspace       used 43906K, committed 44352K, reserved 1089536K
  class space    used 6117K, committed 6336K, reserved 1048576K
}
Event: 14.609 GC heap before
{Heap before GC invocations=26 (full 0):
 garbage-first heap   total 79872K, used 65387K [0x0000000084c00000, 0x0000000100000000)
  region size 1024K, 34 young (34816K), 5 survivors (5120K)
 Metaspace       used 45197K, committed 45696K, reserved 1089536K
  class space    used 6303K, committed 6528K, reserved 1048576K
}
Event: 14.616 GC heap after
{Heap after GC invocations=27 (full 0):
 garbage-first heap   total 96256K, used 37035K [0x0000000084c00000, 0x0000000100000000)
  region size 1024K, 4 young (4096K), 4 survivors (4096K)
 Metaspace       used 45197K, committed 45696K, reserved 1089536K
  class space    used 6303K, committed 6528K, reserved 1048576K
}
Event: 17.427 GC heap before
{Heap before GC invocations=27 (full 0):
 garbage-first heap   total 96256K, used 79019K [0x0000000084c00000, 0x0000000100000000)
  region size 1024K, 45 young (46080K), 4 survivors (4096K)
 Metaspace       used 48877K, committed 49280K, reserved 1097728K
  class space    used 6899K, committed 7104K, reserved 1048576K
}
Event: 17.433 GC heap after
{Heap after GC invocations=28 (full 0):
 garbage-first heap   total 96256K, used 39087K [0x0000000084c00000, 0x0000000100000000)
  region size 1024K, 4 young (4096K), 4 survivors (4096K)
 Metaspace       used 48877K, committed 49280K, reserved 1097728K
  class space    used 6899K, committed 7104K, reserved 1048576K
}
Event: 18.199 GC heap before
{Heap before GC invocations=28 (full 0):
 garbage-first heap   total 96256K, used 79023K [0x0000000084c00000, 0x0000000100000000)
  region size 1024K, 43 young (44032K), 4 survivors (4096K)
 Metaspace       used 49917K, committed 50368K, reserved 1097728K
  class space    used 7040K, committed 7296K, reserved 1048576K
}
Event: 18.206 GC heap after
{Heap after GC invocations=29 (full 0):
 garbage-first heap   total 96256K, used 40494K [0x0000000084c00000, 0x0000000100000000)
  region size 1024K, 4 young (4096K), 4 survivors (4096K)
 Metaspace       used 49917K, committed 50368K, reserved 1097728K
  class space    used 7040K, committed 7296K, reserved 1048576K
}
Event: 18.679 GC heap before
{Heap before GC invocations=29 (full 0):
 garbage-first heap   total 96256K, used 78382K [0x0000000084c00000, 0x0000000100000000)
  region size 1024K, 41 young (41984K), 4 survivors (4096K)
 Metaspace       used 50912K, committed 51392K, reserved 1097728K
  class space    used 7156K, committed 7360K, reserved 1048576K
}
Event: 18.686 GC heap after
{Heap after GC invocations=30 (full 0):
 garbage-first heap   total 96256K, used 41955K [0x0000000084c00000, 0x0000000100000000)
  region size 1024K, 3 young (3072K), 3 survivors (3072K)
 Metaspace       used 50912K, committed 51392K, reserved 1097728K
  class space    used 7156K, committed 7360K, reserved 1048576K
}
Event: 19.174 GC heap before
{Heap before GC invocations=30 (full 0):
 garbage-first heap   total 96256K, used 79843K [0x0000000084c00000, 0x0000000100000000)
  region size 1024K, 40 young (40960K), 3 survivors (3072K)
 Metaspace       used 51466K, committed 51968K, reserved 1097728K
  class space    used 7246K, committed 7488K, reserved 1048576K
}
Event: 19.180 GC heap after
{Heap after GC invocations=31 (full 0):
 garbage-first heap   total 96256K, used 43237K [0x0000000084c00000, 0x0000000100000000)
  region size 1024K, 3 young (3072K), 3 survivors (3072K)
 Metaspace       used 51466K, committed 51968K, reserved 1097728K
  class space    used 7246K, committed 7488K, reserved 1048576K
}
Event: 19.694 GC heap before
{Heap before GC invocations=31 (full 0):
 garbage-first heap   total 96256K, used 80101K [0x0000000084c00000, 0x0000000100000000)
  region size 1024K, 39 young (39936K), 3 survivors (3072K)
 Metaspace       used 52026K, committed 52480K, reserved 1097728K
  class space    used 7340K, committed 7552K, reserved 1048576K
}
Event: 19.703 GC heap after
{Heap after GC invocations=32 (full 0):
 garbage-first heap   total 96256K, used 44527K [0x0000000084c00000, 0x0000000100000000)
  region size 1024K, 4 young (4096K), 4 survivors (4096K)
 Metaspace       used 52026K, committed 52480K, reserved 1097728K
  class space    used 7340K, committed 7552K, reserved 1048576K
}
Event: 20.291 GC heap before
{Heap before GC invocations=32 (full 0):
 garbage-first heap   total 96256K, used 80367K [0x0000000084c00000, 0x0000000100000000)
  region size 1024K, 39 young (39936K), 4 survivors (4096K)
 Metaspace       used 52920K, committed 53376K, reserved 1097728K
  class space    used 7480K, committed 7680K, reserved 1048576K
}
Event: 20.298 GC heap after
{Heap after GC invocations=33 (full 0):
 garbage-first heap   total 96256K, used 45512K [0x0000000084c00000, 0x0000000100000000)
  region size 1024K, 4 young (4096K), 4 survivors (4096K)
 Metaspace       used 52920K, committed 53376K, reserved 1097728K
  class space    used 7480K, committed 7680K, reserved 1048576K
}
Event: 21.043 GC heap before
{Heap before GC invocations=33 (full 0):
 garbage-first heap   total 96256K, used 80328K [0x0000000084c00000, 0x0000000100000000)
  region size 1024K, 38 young (38912K), 4 survivors (4096K)
 Metaspace       used 53672K, committed 54144K, reserved 1097728K
  class space    used 7598K, committed 7808K, reserved 1048576K
}

